<?xml version="1.0" encoding="UTF-8"?>
<testng-results skipped="2" failed="0" total="2" passed="0">
  <reporter-output>
  </reporter-output>
  <suite name="Default suite" duration-ms="39495" started-at="2018-09-03T04:57:25Z" finished-at="2018-09-03T04:58:04Z">
    <groups>
    </groups>
    <test name="Default test" duration-ms="39495" started-at="2018-09-03T04:57:25Z" finished-at="2018-09-03T04:58:04Z">
      <class name="com.cogniphi.MuthootServillance.TestSuite.ManageScheduleSuite">
        <test-method status="PASS" signature="beforeTest()[pri:0, instance:com.cogniphi.MuthootServillance.TestSuite.ManageScheduleSuite@262b2c86]" name="beforeTest" is-config="true" duration-ms="39246" started-at="2018-09-03T10:27:25Z" finished-at="2018-09-03T10:28:04Z">
          <reporter-output>
          </reporter-output>
        </test-method> <!-- beforeTest -->
        <test-method status="FAIL" signature="beforeClass()[pri:0, instance:com.cogniphi.MuthootServillance.TestSuite.ManageScheduleSuite@262b2c86]" name="beforeClass" is-config="true" duration-ms="0" started-at="2018-09-03T10:28:04Z" finished-at="2018-09-03T10:28:04Z">
          <exception class="org.openqa.selenium.NoSuchElementException">
            <message>
              <![CDATA[no such element: Unable to locate element: {"method":"id","selector":"username"}
  (Session info: chrome=68.0.3440.106)
  (Driver info: chromedriver=2.36.540470 (e522d04694c7ebea4ba8821272dbef4f9b818c91),platform=Windows NT 6.3.9600 x86_64) (WARNING: The server did not provide any stacktrace information)
Command duration or timeout: 0 milliseconds
For documentation on this error, please visit: http://seleniumhq.org/exceptions/no_such_element.html
Build info: version: '3.11.0', revision: 'e59cfb3', time: '2018-03-11T20:26:55.152Z'
System info: host: 'USER', ip: '192.168.76.2', os.name: 'Windows 8.1', os.arch: 'amd64', os.version: '6.3', java.version: '1.8.0_91'
Driver info: org.openqa.selenium.chrome.ChromeDriver
Capabilities {acceptInsecureCerts: false, acceptSslCerts: false, applicationCacheEnabled: false, browserConnectionEnabled: false, browserName: chrome, chrome: {chromedriverVersion: 2.36.540470 (e522d04694c7eb..., userDataDir: C:\Users\121\AppData\Local\...}, cssSelectorsEnabled: true, databaseEnabled: false, handlesAlerts: true, hasTouchScreen: false, javascriptEnabled: true, locationContextEnabled: true, mobileEmulationEnabled: false, nativeEvents: true, networkConnectionEnabled: false, pageLoadStrategy: normal, platform: XP, platformName: XP, rotatable: false, setWindowRect: true, takesHeapSnapshot: true, takesScreenshot: true, unexpectedAlertBehaviour: , unhandledPromptBehavior: , version: 68.0.3440.106, webStorageEnabled: true}
Session ID: 0b1457d51e945f1e32446c4cef65ce00
*** Element info: {Using=id, value=username}]]>
            </message>
            <full-stacktrace>
              <![CDATA[org.openqa.selenium.NoSuchElementException: no such element: Unable to locate element: {"method":"id","selector":"username"}
  (Session info: chrome=68.0.3440.106)
  (Driver info: chromedriver=2.36.540470 (e522d04694c7ebea4ba8821272dbef4f9b818c91),platform=Windows NT 6.3.9600 x86_64) (WARNING: The server did not provide any stacktrace information)
Command duration or timeout: 0 milliseconds
For documentation on this error, please visit: http://seleniumhq.org/exceptions/no_such_element.html
Build info: version: '3.11.0', revision: 'e59cfb3', time: '2018-03-11T20:26:55.152Z'
System info: host: 'USER', ip: '192.168.76.2', os.name: 'Windows 8.1', os.arch: 'amd64', os.version: '6.3', java.version: '1.8.0_91'
Driver info: org.openqa.selenium.chrome.ChromeDriver
Capabilities {acceptInsecureCerts: false, acceptSslCerts: false, applicationCacheEnabled: false, browserConnectionEnabled: false, browserName: chrome, chrome: {chromedriverVersion: 2.36.540470 (e522d04694c7eb..., userDataDir: C:\Users\121\AppData\Local\...}, cssSelectorsEnabled: true, databaseEnabled: false, handlesAlerts: true, hasTouchScreen: false, javascriptEnabled: true, locationContextEnabled: true, mobileEmulationEnabled: false, nativeEvents: true, networkConnectionEnabled: false, pageLoadStrategy: normal, platform: XP, platformName: XP, rotatable: false, setWindowRect: true, takesHeapSnapshot: true, takesScreenshot: true, unexpectedAlertBehaviour: , unhandledPromptBehavior: , version: 68.0.3440.106, webStorageEnabled: true}
Session ID: 0b1457d51e945f1e32446c4cef65ce00
*** Element info: {Using=id, value=username}
	at sun.reflect.NativeConstructorAccessorImpl.newInstance0(Native Method)
	at sun.reflect.NativeConstructorAccessorImpl.newInstance(Unknown Source)
	at sun.reflect.DelegatingConstructorAccessorImpl.newInstance(Unknown Source)
	at java.lang.reflect.Constructor.newInstance(Unknown Source)
	at org.openqa.selenium.remote.ErrorHandler.createThrowable(ErrorHandler.java:214)
	at org.openqa.selenium.remote.ErrorHandler.throwIfResponseFailed(ErrorHandler.java:166)
	at org.openqa.selenium.remote.http.JsonHttpResponseCodec.reconstructValue(JsonHttpResponseCodec.java:40)
	at org.openqa.selenium.remote.http.AbstractHttpResponseCodec.decode(AbstractHttpResponseCodec.java:80)
	at org.openqa.selenium.remote.http.AbstractHttpResponseCodec.decode(AbstractHttpResponseCodec.java:44)
	at org.openqa.selenium.remote.HttpCommandExecutor.execute(HttpCommandExecutor.java:158)
	at org.openqa.selenium.remote.service.DriverCommandExecutor.execute(DriverCommandExecutor.java:83)
	at org.openqa.selenium.remote.RemoteWebDriver.execute(RemoteWebDriver.java:545)
	at org.openqa.selenium.remote.RemoteWebDriver.findElement(RemoteWebDriver.java:319)
	at org.openqa.selenium.remote.RemoteWebDriver.findElementById(RemoteWebDriver.java:365)
	at org.openqa.selenium.By$ById.findElement(By.java:218)
	at org.openqa.selenium.remote.RemoteWebDriver.findElement(RemoteWebDriver.java:311)
	at com.cogniphi.MuthootServillance.LogInPage.chrome_LogIn(LogInPage.java:19)
	at com.cogniphi.MuthootServillance.TestSuite.ManageScheduleSuite.beforeClass(ManageScheduleSuite.java:55)
	at sun.reflect.NativeMethodAccessorImpl.invoke0(Native Method)
	at sun.reflect.NativeMethodAccessorImpl.invoke(Unknown Source)
	at sun.reflect.DelegatingMethodAccessorImpl.invoke(Unknown Source)
	at java.lang.reflect.Method.invoke(Unknown Source)
	at org.testng.internal.MethodInvocationHelper.invokeMethod(MethodInvocationHelper.java:86)
	at org.testng.internal.Invoker.invokeConfigurationMethod(Invoker.java:514)
	at org.testng.internal.Invoker.invokeConfigurations(Invoker.java:215)
	at org.testng.internal.Invoker.invokeConfigurations(Invoker.java:142)
	at org.testng.internal.TestMethodWorker.invokeBeforeClassMethods(TestMethodWorker.java:178)
	at org.testng.internal.TestMethodWorker.run(TestMethodWorker.java:108)
	at org.testng.TestRunner.privateRun(TestRunner.java:782)
	at org.testng.TestRunner.run(TestRunner.java:632)
	at org.testng.SuiteRunner.runTest(SuiteRunner.java:366)
	at org.testng.SuiteRunner.runSequentially(SuiteRunner.java:361)
	at org.testng.SuiteRunner.privateRun(SuiteRunner.java:319)
	at org.testng.SuiteRunner.run(SuiteRunner.java:268)
	at org.testng.SuiteRunnerWorker.runSuite(SuiteRunnerWorker.java:52)
	at org.testng.SuiteRunnerWorker.run(SuiteRunnerWorker.java:86)
	at org.testng.TestNG.runSuitesSequentially(TestNG.java:1244)
	at org.testng.TestNG.runSuitesLocally(TestNG.java:1169)
	at org.testng.TestNG.run(TestNG.java:1064)
	at org.testng.remote.AbstractRemoteTestNG.run(AbstractRemoteTestNG.java:114)
	at org.testng.remote.RemoteTestNG.initAndRun(RemoteTestNG.java:251)
	at org.testng.remote.RemoteTestNG.main(RemoteTestNG.java:77)
]]>
            </full-stacktrace>
          </exception> <!-- org.openqa.selenium.NoSuchElementException -->
          <reporter-output>
          </reporter-output>
        </test-method> <!-- beforeClass -->
        <test-method status="SKIP" signature="beforeMethod(java.lang.reflect.Method)[pri:0, instance:com.cogniphi.MuthootServillance.TestSuite.ManageScheduleSuite@262b2c86]" name="beforeMethod" is-config="true" duration-ms="0" started-at="2018-09-03T10:28:04Z" finished-at="2018-09-03T10:28:04Z">
          <reporter-output>
          </reporter-output>
        </test-method> <!-- beforeMethod -->
        <test-method status="SKIP" signature="TC001_verifyManageschedule()[pri:0, instance:com.cogniphi.MuthootServillance.TestSuite.ManageScheduleSuite@262b2c86]" name="TC001_verifyManageschedule" duration-ms="1" started-at="2018-09-03T10:28:04Z" finished-at="2018-09-03T10:28:04Z">
          <reporter-output>
          </reporter-output>
        </test-method> <!-- TC001_verifyManageschedule -->
        <test-method status="SKIP" signature="afterMethod(org.testng.ITestResult)[pri:0, instance:com.cogniphi.MuthootServillance.TestSuite.ManageScheduleSuite@262b2c86]" name="afterMethod" is-config="true" duration-ms="0" started-at="2018-09-03T10:28:04Z" finished-at="2018-09-03T10:28:04Z">
          <reporter-output>
          </reporter-output>
        </test-method> <!-- afterMethod -->
        <test-method status="SKIP" signature="beforeMethod(java.lang.reflect.Method)[pri:0, instance:com.cogniphi.MuthootServillance.TestSuite.ManageScheduleSuite@262b2c86]" name="beforeMethod" is-config="true" duration-ms="0" started-at="2018-09-03T10:28:04Z" finished-at="2018-09-03T10:28:04Z">
          <reporter-output>
          </reporter-output>
        </test-method> <!-- beforeMethod -->
        <test-method status="SKIP" signature="TC002_verifyManageschedule()[pri:0, instance:com.cogniphi.MuthootServillance.TestSuite.ManageScheduleSuite@262b2c86]" name="TC002_verifyManageschedule" duration-ms="1" started-at="2018-09-03T10:28:04Z" finished-at="2018-09-03T10:28:04Z">
          <reporter-output>
          </reporter-output>
        </test-method> <!-- TC002_verifyManageschedule -->
        <test-method status="SKIP" signature="afterMethod(org.testng.ITestResult)[pri:0, instance:com.cogniphi.MuthootServillance.TestSuite.ManageScheduleSuite@262b2c86]" name="afterMethod" is-config="true" duration-ms="0" started-at="2018-09-03T10:28:04Z" finished-at="2018-09-03T10:28:04Z">
          <reporter-output>
          </reporter-output>
        </test-method> <!-- afterMethod -->
        <test-method status="SKIP" signature="afterClass()[pri:0, instance:com.cogniphi.MuthootServillance.TestSuite.ManageScheduleSuite@262b2c86]" name="afterClass" is-config="true" duration-ms="0" started-at="2018-09-03T10:28:04Z" finished-at="2018-09-03T10:28:04Z">
          <reporter-output>
          </reporter-output>
        </test-method> <!-- afterClass -->
        <test-method status="SKIP" signature="toEndTest()[pri:0, instance:com.cogniphi.MuthootServillance.TestSuite.ManageScheduleSuite@262b2c86]" name="toEndTest" is-config="true" duration-ms="0" started-at="2018-09-03T10:28:04Z" finished-at="2018-09-03T10:28:04Z">
          <reporter-output>
          </reporter-output>
        </test-method> <!-- toEndTest -->
        <test-method status="SKIP" signature="afterTest()[pri:0, instance:com.cogniphi.MuthootServillance.TestSuite.ManageScheduleSuite@262b2c86]" name="afterTest" is-config="true" duration-ms="0" started-at="2018-09-03T10:28:04Z" finished-at="2018-09-03T10:28:04Z">
          <reporter-output>
          </reporter-output>
        </test-method> <!-- afterTest -->
      </class> <!-- com.cogniphi.MuthootServillance.TestSuite.ManageScheduleSuite -->
    </test> <!-- Default test -->
  </suite> <!-- Default suite -->
</testng-results>
